{
  errno: -5,
  syscall: 'write',
  code: 'EIO',
  level: 'error',
  message: 'Uncaught Exception: EIO: i/o error, write',
  stack: 'Error: EIO: i/o error, write\n' +
    '    at writeSync (node:fs:923:3)\n' +
    '    at SyncWriteStream._write (node:internal/fs/sync_write_stream:27:5)\n' +
    '    at writeOrBuffer (node:internal/streams/writable:572:12)\n' +
    '    at _write (node:internal/streams/writable:501:10)\n' +
    '    at SyncWriteStream.Writable.write (node:internal/streams/writable:510:10)\n' +
    '    at Console.log (/home/mohitmouryaa/github/salon-booking-backend/node_modules/winston/lib/winston/transports/console.js:87:23)\n' +
    '    at Console._write (/home/mohitmouryaa/github/salon-booking-backend/node_modules/winston-transport/modern.js:103:17)\n' +
    '    at doWrite (/home/mohitmouryaa/github/salon-booking-backend/node_modules/readable-stream/lib/_stream_writable.js:390:139)\n' +
    '    at writeOrBuffer (/home/mohitmouryaa/github/salon-booking-backend/node_modules/readable-stream/lib/_stream_writable.js:381:5)\n' +
    '    at Console.Writable.write (/home/mohitmouryaa/github/salon-booking-backend/node_modules/readable-stream/lib/_stream_writable.js:302:11)',
  timestamp: '2025-08-08T07:35:25.467Z'
}
{
  errno: -5,
  syscall: 'write',
  code: 'EIO',
  level: 'error',
  message: 'Uncaught Exception: EIO: i/o error, write',
  stack: 'Error: EIO: i/o error, write\n' +
    '    at writeSync (node:fs:923:3)\n' +
    '    at SyncWriteStream._write (node:internal/fs/sync_write_stream:27:5)\n' +
    '    at writeOrBuffer (node:internal/streams/writable:572:12)\n' +
    '    at _write (node:internal/streams/writable:501:10)\n' +
    '    at SyncWriteStream.Writable.write (node:internal/streams/writable:510:10)\n' +
    '    at Console.log (/home/mohitmouryaa/github/salon-booking-backend/node_modules/winston/lib/winston/transports/console.js:87:23)\n' +
    '    at Console._write (/home/mohitmouryaa/github/salon-booking-backend/node_modules/winston-transport/modern.js:103:17)\n' +
    '    at doWrite (/home/mohitmouryaa/github/salon-booking-backend/node_modules/readable-stream/lib/_stream_writable.js:390:139)\n' +
    '    at writeOrBuffer (/home/mohitmouryaa/github/salon-booking-backend/node_modules/readable-stream/lib/_stream_writable.js:381:5)\n' +
    '    at Console.Writable.write (/home/mohitmouryaa/github/salon-booking-backend/node_modules/readable-stream/lib/_stream_writable.js:302:11)',
  timestamp: '2025-08-08T07:35:25.472Z'
}
{
  errno: -5,
  syscall: 'write',
  code: 'EIO',
  level: 'error',
  message: 'Uncaught Exception: EIO: i/o error, write',
  stack: 'Error: EIO: i/o error, write\n' +
    '    at writeSync (node:fs:923:3)\n' +
    '    at SyncWriteStream._write (node:internal/fs/sync_write_stream:27:5)\n' +
    '    at writeOrBuffer (node:internal/streams/writable:572:12)\n' +
    '    at _write (node:internal/streams/writable:501:10)\n' +
    '    at SyncWriteStream.Writable.write (node:internal/streams/writable:510:10)\n' +
    '    at Console.log (/home/mohitmouryaa/github/salon-booking-backend/node_modules/winston/lib/winston/transports/console.js:87:23)\n' +
    '    at Console._write (/home/mohitmouryaa/github/salon-booking-backend/node_modules/winston-transport/modern.js:103:17)\n' +
    '    at doWrite (/home/mohitmouryaa/github/salon-booking-backend/node_modules/readable-stream/lib/_stream_writable.js:390:139)\n' +
    '    at writeOrBuffer (/home/mohitmouryaa/github/salon-booking-backend/node_modules/readable-stream/lib/_stream_writable.js:381:5)\n' +
    '    at Console.Writable.write (/home/mohitmouryaa/github/salon-booking-backend/node_modules/readable-stream/lib/_stream_writable.js:302:11)',
  timestamp: '2025-08-08T07:35:25.474Z'
}
{
  errno: -5,
  syscall: 'write',
  code: 'EIO',
  level: 'error',
  message: 'Uncaught Exception: EIO: i/o error, write',
  stack: 'Error: EIO: i/o error, write\n' +
    '    at writeSync (node:fs:923:3)\n' +
    '    at SyncWriteStream._write (node:internal/fs/sync_write_stream:27:5)\n' +
    '    at writeOrBuffer (node:internal/streams/writable:572:12)\n' +
    '    at _write (node:internal/streams/writable:501:10)\n' +
    '    at SyncWriteStream.Writable.write (node:internal/streams/writable:510:10)\n' +
    '    at Console.log (/home/mohitmouryaa/github/salon-booking-backend/node_modules/winston/lib/winston/transports/console.js:87:23)\n' +
    '    at Console._write (/home/mohitmouryaa/github/salon-booking-backend/node_modules/winston-transport/modern.js:103:17)\n' +
    '    at doWrite (/home/mohitmouryaa/github/salon-booking-backend/node_modules/readable-stream/lib/_stream_writable.js:390:139)\n' +
    '    at writeOrBuffer (/home/mohitmouryaa/github/salon-booking-backend/node_modules/readable-stream/lib/_stream_writable.js:381:5)\n' +
    '    at Console.Writable.write (/home/mohitmouryaa/github/salon-booking-backend/node_modules/readable-stream/lib/_stream_writable.js:302:11)',
  timestamp: '2025-08-08T07:35:25.476Z'
}
{
  errno: -5,
  syscall: 'write',
  code: 'EIO',
  level: 'error',
  message: 'Uncaught Exception: EIO: i/o error, write',
  stack: 'Error: EIO: i/o error, write\n' +
    '    at writeSync (node:fs:923:3)\n' +
    '    at SyncWriteStream._write (node:internal/fs/sync_write_stream:27:5)\n' +
    '    at writeOrBuffer (node:internal/streams/writable:572:12)\n' +
    '    at _write (node:internal/streams/writable:501:10)\n' +
    '    at SyncWriteStream.Writable.write (node:internal/streams/writable:510:10)\n' +
    '    at Console.log (/home/mohitmouryaa/github/salon-booking-backend/node_modules/winston/lib/winston/transports/console.js:87:23)\n' +
    '    at Console._write (/home/mohitmouryaa/github/salon-booking-backend/node_modules/winston-transport/modern.js:103:17)\n' +
    '    at doWrite (/home/mohitmouryaa/github/salon-booking-backend/node_modules/readable-stream/lib/_stream_writable.js:390:139)\n' +
    '    at writeOrBuffer (/home/mohitmouryaa/github/salon-booking-backend/node_modules/readable-stream/lib/_stream_writable.js:381:5)\n' +
    '    at Console.Writable.write (/home/mohitmouryaa/github/salon-booking-backend/node_modules/readable-stream/lib/_stream_writable.js:302:11)',
  timestamp: '2025-08-08T07:35:25.478Z'
}
{
  errno: -5,
  syscall: 'write',
  code: 'EIO',
  level: 'error',
  message: 'Uncaught Exception: EIO: i/o error, write',
  stack: 'Error: EIO: i/o error, write\n' +
    '    at writeSync (node:fs:923:3)\n' +
    '    at SyncWriteStream._write (node:internal/fs/sync_write_stream:27:5)\n' +
    '    at writeOrBuffer (node:internal/streams/writable:572:12)\n' +
    '    at _write (node:internal/streams/writable:501:10)\n' +
    '    at SyncWriteStream.Writable.write (node:internal/streams/writable:510:10)\n' +
    '    at Console.log (/home/mohitmouryaa/github/salon-booking-backend/node_modules/winston/lib/winston/transports/console.js:87:23)\n' +
    '    at Console._write (/home/mohitmouryaa/github/salon-booking-backend/node_modules/winston-transport/modern.js:103:17)\n' +
    '    at doWrite (/home/mohitmouryaa/github/salon-booking-backend/node_modules/readable-stream/lib/_stream_writable.js:390:139)\n' +
    '    at writeOrBuffer (/home/mohitmouryaa/github/salon-booking-backend/node_modules/readable-stream/lib/_stream_writable.js:381:5)\n' +
    '    at Console.Writable.write (/home/mohitmouryaa/github/salon-booking-backend/node_modules/readable-stream/lib/_stream_writable.js:302:11)',
  timestamp: '2025-08-08T07:35:25.479Z'
}
{
  errno: -5,
  syscall: 'write',
  code: 'EIO',
  level: 'error',
  message: 'Uncaught Exception: EIO: i/o error, write',
  stack: 'Error: EIO: i/o error, write\n' +
    '    at writeSync (node:fs:923:3)\n' +
    '    at SyncWriteStream._write (node:internal/fs/sync_write_stream:27:5)\n' +
    '    at writeOrBuffer (node:internal/streams/writable:572:12)\n' +
    '    at _write (node:internal/streams/writable:501:10)\n' +
    '    at SyncWriteStream.Writable.write (node:internal/streams/writable:510:10)\n' +
    '    at Console.log (/home/mohitmouryaa/github/salon-booking-backend/node_modules/winston/lib/winston/transports/console.js:87:23)\n' +
    '    at Console._write (/home/mohitmouryaa/github/salon-booking-backend/node_modules/winston-transport/modern.js:103:17)\n' +
    '    at doWrite (/home/mohitmouryaa/github/salon-booking-backend/node_modules/readable-stream/lib/_stream_writable.js:390:139)\n' +
    '    at writeOrBuffer (/home/mohitmouryaa/github/salon-booking-backend/node_modules/readable-stream/lib/_stream_writable.js:381:5)\n' +
    '    at Console.Writable.write (/home/mohitmouryaa/github/salon-booking-backend/node_modules/readable-stream/lib/_stream_writable.js:302:11)',
  timestamp: '2025-08-08T07:35:25.480Z'
}
{
  errno: -5,
  syscall: 'write',
  code: 'EIO',
  level: 'error',
  message: 'Uncaught Exception: EIO: i/o error, write',
  stack: 'Error: EIO: i/o error, write\n' +
    '    at writeSync (node:fs:923:3)\n' +
    '    at SyncWriteStream._write (node:internal/fs/sync_write_stream:27:5)\n' +
    '    at writeOrBuffer (node:internal/streams/writable:572:12)\n' +
    '    at _write (node:internal/streams/writable:501:10)\n' +
    '    at SyncWriteStream.Writable.write (node:internal/streams/writable:510:10)\n' +
    '    at Console.log (/home/mohitmouryaa/github/salon-booking-backend/node_modules/winston/lib/winston/transports/console.js:87:23)\n' +
    '    at Console._write (/home/mohitmouryaa/github/salon-booking-backend/node_modules/winston-transport/modern.js:103:17)\n' +
    '    at doWrite (/home/mohitmouryaa/github/salon-booking-backend/node_modules/readable-stream/lib/_stream_writable.js:390:139)\n' +
    '    at writeOrBuffer (/home/mohitmouryaa/github/salon-booking-backend/node_modules/readable-stream/lib/_stream_writable.js:381:5)\n' +
    '    at Console.Writable.write (/home/mohitmouryaa/github/salon-booking-backend/node_modules/readable-stream/lib/_stream_writable.js:302:11)',
  timestamp: '2025-08-08T07:35:25.480Z'
}
{
  errno: -5,
  syscall: 'write',
  code: 'EIO',
  level: 'error',
  message: 'Uncaught Exception: EIO: i/o error, write',
  stack: 'Error: EIO: i/o error, write\n' +
    '    at writeSync (node:fs:923:3)\n' +
    '    at SyncWriteStream._write (node:internal/fs/sync_write_stream:27:5)\n' +
    '    at writeOrBuffer (node:internal/streams/writable:572:12)\n' +
    '    at _write (node:internal/streams/writable:501:10)\n' +
    '    at SyncWriteStream.Writable.write (node:internal/streams/writable:510:10)\n' +
    '    at Console.log (/home/mohitmouryaa/github/salon-booking-backend/node_modules/winston/lib/winston/transports/console.js:87:23)\n' +
    '    at Console._write (/home/mohitmouryaa/github/salon-booking-backend/node_modules/winston-transport/modern.js:103:17)\n' +
    '    at doWrite (/home/mohitmouryaa/github/salon-booking-backend/node_modules/readable-stream/lib/_stream_writable.js:390:139)\n' +
    '    at writeOrBuffer (/home/mohitmouryaa/github/salon-booking-backend/node_modules/readable-stream/lib/_stream_writable.js:381:5)\n' +
    '    at Console.Writable.write (/home/mohitmouryaa/github/salon-booking-backend/node_modules/readable-stream/lib/_stream_writable.js:302:11)',
  timestamp: '2025-08-08T07:35:25.481Z'
}
{
  errno: -5,
  syscall: 'write',
  code: 'EIO',
  level: 'error',
  message: 'Uncaught Exception: EIO: i/o error, write',
  stack: 'Error: EIO: i/o error, write\n' +
    '    at writeSync (node:fs:923:3)\n' +
    '    at SyncWriteStream._write (node:internal/fs/sync_write_stream:27:5)\n' +
    '    at writeOrBuffer (node:internal/streams/writable:572:12)\n' +
    '    at _write (node:internal/streams/writable:501:10)\n' +
    '    at SyncWriteStream.Writable.write (node:internal/streams/writable:510:10)\n' +
    '    at Console.log (/home/mohitmouryaa/github/salon-booking-backend/node_modules/winston/lib/winston/transports/console.js:87:23)\n' +
    '    at Console._write (/home/mohitmouryaa/github/salon-booking-backend/node_modules/winston-transport/modern.js:103:17)\n' +
    '    at doWrite (/home/mohitmouryaa/github/salon-booking-backend/node_modules/readable-stream/lib/_stream_writable.js:390:139)\n' +
    '    at writeOrBuffer (/home/mohitmouryaa/github/salon-booking-backend/node_modules/readable-stream/lib/_stream_writable.js:381:5)\n' +
    '    at Console.Writable.write (/home/mohitmouryaa/github/salon-booking-backend/node_modules/readable-stream/lib/_stream_writable.js:302:11)',
  timestamp: '2025-08-08T07:35:25.482Z'
}
{
  errno: -5,
  syscall: 'write',
  code: 'EIO',
  level: 'error',
  message: 'Uncaught Exception: EIO: i/o error, write',
  stack: 'Error: EIO: i/o error, write\n' +
    '    at writeSync (node:fs:923:3)\n' +
    '    at SyncWriteStream._write (node:internal/fs/sync_write_stream:27:5)\n' +
    '    at writeOrBuffer (node:internal/streams/writable:572:12)\n' +
    '    at _write (node:internal/streams/writable:501:10)\n' +
    '    at SyncWriteStream.Writable.write (node:internal/streams/writable:510:10)\n' +
    '    at Console.log (/home/mohitmouryaa/github/salon-booking-backend/node_modules/winston/lib/winston/transports/console.js:87:23)\n' +
    '    at Console._write (/home/mohitmouryaa/github/salon-booking-backend/node_modules/winston-transport/modern.js:103:17)\n' +
    '    at doWrite (/home/mohitmouryaa/github/salon-booking-backend/node_modules/readable-stream/lib/_stream_writable.js:390:139)\n' +
    '    at writeOrBuffer (/home/mohitmouryaa/github/salon-booking-backend/node_modules/readable-stream/lib/_stream_writable.js:381:5)\n' +
    '    at Console.Writable.write (/home/mohitmouryaa/github/salon-booking-backend/node_modules/readable-stream/lib/_stream_writable.js:302:11)',
  timestamp: '2025-08-08T07:35:25.483Z'
}
{
  errno: -5,
  syscall: 'write',
  code: 'EIO',
  level: 'error',
  message: 'Uncaught Exception: EIO: i/o error, write',
  stack: 'Error: EIO: i/o error, write\n' +
    '    at writeSync (node:fs:923:3)\n' +
    '    at SyncWriteStream._write (node:internal/fs/sync_write_stream:27:5)\n' +
    '    at writeOrBuffer (node:internal/streams/writable:572:12)\n' +
    '    at _write (node:internal/streams/writable:501:10)\n' +
    '    at SyncWriteStream.Writable.write (node:internal/streams/writable:510:10)\n' +
    '    at Console.log (/home/mohitmouryaa/github/salon-booking-backend/node_modules/winston/lib/winston/transports/console.js:87:23)\n' +
    '    at Console._write (/home/mohitmouryaa/github/salon-booking-backend/node_modules/winston-transport/modern.js:103:17)\n' +
    '    at doWrite (/home/mohitmouryaa/github/salon-booking-backend/node_modules/readable-stream/lib/_stream_writable.js:390:139)\n' +
    '    at writeOrBuffer (/home/mohitmouryaa/github/salon-booking-backend/node_modules/readable-stream/lib/_stream_writable.js:381:5)\n' +
    '    at Console.Writable.write (/home/mohitmouryaa/github/salon-booking-backend/node_modules/readable-stream/lib/_stream_writable.js:302:11)',
  timestamp: '2025-08-08T07:35:25.484Z'
}
{
  errno: -5,
  syscall: 'write',
  code: 'EIO',
  level: 'error',
  message: 'Uncaught Exception: EIO: i/o error, write',
  stack: 'Error: EIO: i/o error, write\n' +
    '    at writeSync (node:fs:923:3)\n' +
    '    at SyncWriteStream._write (node:internal/fs/sync_write_stream:27:5)\n' +
    '    at writeOrBuffer (node:internal/streams/writable:572:12)\n' +
    '    at _write (node:internal/streams/writable:501:10)\n' +
    '    at SyncWriteStream.Writable.write (node:internal/streams/writable:510:10)\n' +
    '    at Console.log (/home/mohitmouryaa/github/salon-booking-backend/node_modules/winston/lib/winston/transports/console.js:87:23)\n' +
    '    at Console._write (/home/mohitmouryaa/github/salon-booking-backend/node_modules/winston-transport/modern.js:103:17)\n' +
    '    at doWrite (/home/mohitmouryaa/github/salon-booking-backend/node_modules/readable-stream/lib/_stream_writable.js:390:139)\n' +
    '    at writeOrBuffer (/home/mohitmouryaa/github/salon-booking-backend/node_modules/readable-stream/lib/_stream_writable.js:381:5)\n' +
    '    at Console.Writable.write (/home/mohitmouryaa/github/salon-booking-backend/node_modules/readable-stream/lib/_stream_writable.js:302:11)',
  timestamp: '2025-08-08T07:35:25.486Z'
}
{
  errno: -5,
  syscall: 'write',
  code: 'EIO',
  level: 'error',
  message: 'Uncaught Exception: EIO: i/o error, write',
  stack: 'Error: EIO: i/o error, write\n' +
    '    at writeSync (node:fs:923:3)\n' +
    '    at SyncWriteStream._write (node:internal/fs/sync_write_stream:27:5)\n' +
    '    at writeOrBuffer (node:internal/streams/writable:572:12)\n' +
    '    at _write (node:internal/streams/writable:501:10)\n' +
    '    at SyncWriteStream.Writable.write (node:internal/streams/writable:510:10)\n' +
    '    at Console.log (/home/mohitmouryaa/github/salon-booking-backend/node_modules/winston/lib/winston/transports/console.js:87:23)\n' +
    '    at Console._write (/home/mohitmouryaa/github/salon-booking-backend/node_modules/winston-transport/modern.js:103:17)\n' +
    '    at doWrite (/home/mohitmouryaa/github/salon-booking-backend/node_modules/readable-stream/lib/_stream_writable.js:390:139)\n' +
    '    at writeOrBuffer (/home/mohitmouryaa/github/salon-booking-backend/node_modules/readable-stream/lib/_stream_writable.js:381:5)\n' +
    '    at Console.Writable.write (/home/mohitmouryaa/github/salon-booking-backend/node_modules/readable-stream/lib/_stream_writable.js:302:11)',
  timestamp: '2025-08-08T07:35:25.487Z'
}
{
  errno: -5,
  syscall: 'write',
  code: 'EIO',
  level: 'error',
  message: 'Uncaught Exception: EIO: i/o error, write',
  stack: 'Error: EIO: i/o error, write\n' +
    '    at writeSync (node:fs:923:3)\n' +
    '    at SyncWriteStream._write (node:internal/fs/sync_write_stream:27:5)\n' +
    '    at writeOrBuffer (node:internal/streams/writable:572:12)\n' +
    '    at _write (node:internal/streams/writable:501:10)\n' +
    '    at SyncWriteStream.Writable.write (node:internal/streams/writable:510:10)\n' +
    '    at Console.log (/home/mohitmouryaa/github/salon-booking-backend/node_modules/winston/lib/winston/transports/console.js:87:23)\n' +
    '    at Console._write (/home/mohitmouryaa/github/salon-booking-backend/node_modules/winston-transport/modern.js:103:17)\n' +
    '    at doWrite (/home/mohitmouryaa/github/salon-booking-backend/node_modules/readable-stream/lib/_stream_writable.js:390:139)\n' +
    '    at writeOrBuffer (/home/mohitmouryaa/github/salon-booking-backend/node_modules/readable-stream/lib/_stream_writable.js:381:5)\n' +
    '    at Console.Writable.write (/home/mohitmouryaa/github/salon-booking-backend/node_modules/readable-stream/lib/_stream_writable.js:302:11)',
  timestamp: '2025-08-08T07:35:25.488Z'
}
{
  errno: -5,
  syscall: 'write',
  code: 'EIO',
  level: 'error',
  message: 'Uncaught Exception: EIO: i/o error, write',
  stack: 'Error: EIO: i/o error, write\n' +
    '    at writeSync (node:fs:923:3)\n' +
    '    at SyncWriteStream._write (node:internal/fs/sync_write_stream:27:5)\n' +
    '    at writeOrBuffer (node:internal/streams/writable:572:12)\n' +
    '    at _write (node:internal/streams/writable:501:10)\n' +
    '    at SyncWriteStream.Writable.write (node:internal/streams/writable:510:10)\n' +
    '    at Console.log (/home/mohitmouryaa/github/salon-booking-backend/node_modules/winston/lib/winston/transports/console.js:87:23)\n' +
    '    at Console._write (/home/mohitmouryaa/github/salon-booking-backend/node_modules/winston-transport/modern.js:103:17)\n' +
    '    at doWrite (/home/mohitmouryaa/github/salon-booking-backend/node_modules/readable-stream/lib/_stream_writable.js:390:139)\n' +
    '    at writeOrBuffer (/home/mohitmouryaa/github/salon-booking-backend/node_modules/readable-stream/lib/_stream_writable.js:381:5)\n' +
    '    at Console.Writable.write (/home/mohitmouryaa/github/salon-booking-backend/node_modules/readable-stream/lib/_stream_writable.js:302:11)',
  timestamp: '2025-08-08T07:35:25.489Z'
}
{
  errno: -5,
  syscall: 'write',
  code: 'EIO',
  level: 'error',
  message: 'Uncaught Exception: EIO: i/o error, write',
  stack: 'Error: EIO: i/o error, write\n' +
    '    at writeSync (node:fs:923:3)\n' +
    '    at SyncWriteStream._write (node:internal/fs/sync_write_stream:27:5)\n' +
    '    at writeOrBuffer (node:internal/streams/writable:572:12)\n' +
    '    at _write (node:internal/streams/writable:501:10)\n' +
    '    at SyncWriteStream.Writable.write (node:internal/streams/writable:510:10)\n' +
    '    at Console.log (/home/mohitmouryaa/github/salon-booking-backend/node_modules/winston/lib/winston/transports/console.js:87:23)\n' +
    '    at Console._write (/home/mohitmouryaa/github/salon-booking-backend/node_modules/winston-transport/modern.js:103:17)\n' +
    '    at doWrite (/home/mohitmouryaa/github/salon-booking-backend/node_modules/readable-stream/lib/_stream_writable.js:390:139)\n' +
    '    at writeOrBuffer (/home/mohitmouryaa/github/salon-booking-backend/node_modules/readable-stream/lib/_stream_writable.js:381:5)\n' +
    '    at Console.Writable.write (/home/mohitmouryaa/github/salon-booking-backend/node_modules/readable-stream/lib/_stream_writable.js:302:11)',
  timestamp: '2025-08-08T07:35:25.490Z'
}
{
  errno: -5,
  syscall: 'write',
  code: 'EIO',
  level: 'error',
  message: 'Uncaught Exception: EIO: i/o error, write',
  stack: 'Error: EIO: i/o error, write\n' +
    '    at writeSync (node:fs:923:3)\n' +
    '    at SyncWriteStream._write (node:internal/fs/sync_write_stream:27:5)\n' +
    '    at writeOrBuffer (node:internal/streams/writable:572:12)\n' +
    '    at _write (node:internal/streams/writable:501:10)\n' +
    '    at SyncWriteStream.Writable.write (node:internal/streams/writable:510:10)\n' +
    '    at Console.log (/home/mohitmouryaa/github/salon-booking-backend/node_modules/winston/lib/winston/transports/console.js:87:23)\n' +
    '    at Console._write (/home/mohitmouryaa/github/salon-booking-backend/node_modules/winston-transport/modern.js:103:17)\n' +
    '    at doWrite (/home/mohitmouryaa/github/salon-booking-backend/node_modules/readable-stream/lib/_stream_writable.js:390:139)\n' +
    '    at writeOrBuffer (/home/mohitmouryaa/github/salon-booking-backend/node_modules/readable-stream/lib/_stream_writable.js:381:5)\n' +
    '    at Console.Writable.write (/home/mohitmouryaa/github/salon-booking-backend/node_modules/readable-stream/lib/_stream_writable.js:302:11)',
  timestamp: '2025-08-08T07:35:25.490Z'
}
{
  errno: -5,
  syscall: 'write',
  code: 'EIO',
  level: 'error',
  message: 'Uncaught Exception: EIO: i/o error, write',
  stack: 'Error: EIO: i/o error, write\n' +
    '    at writeSync (node:fs:923:3)\n' +
    '    at SyncWriteStream._write (node:internal/fs/sync_write_stream:27:5)\n' +
    '    at writeOrBuffer (node:internal/streams/writable:572:12)\n' +
    '    at _write (node:internal/streams/writable:501:10)\n' +
    '    at SyncWriteStream.Writable.write (node:internal/streams/writable:510:10)\n' +
    '    at Console.log (/home/mohitmouryaa/github/salon-booking-backend/node_modules/winston/lib/winston/transports/console.js:87:23)\n' +
    '    at Console._write (/home/mohitmouryaa/github/salon-booking-backend/node_modules/winston-transport/modern.js:103:17)\n' +
    '    at doWrite (/home/mohitmouryaa/github/salon-booking-backend/node_modules/readable-stream/lib/_stream_writable.js:390:139)\n' +
    '    at writeOrBuffer (/home/mohitmouryaa/github/salon-booking-backend/node_modules/readable-stream/lib/_stream_writable.js:381:5)\n' +
    '    at Console.Writable.write (/home/mohitmouryaa/github/salon-booking-backend/node_modules/readable-stream/lib/_stream_writable.js:302:11)',
  timestamp: '2025-08-08T07:35:25.491Z'
}
{
  errno: -5,
  syscall: 'write',
  code: 'EIO',
  level: 'error',
  message: 'Uncaught Exception: EIO: i/o error, write',
  stack: 'Error: EIO: i/o error, write\n' +
    '    at writeSync (node:fs:923:3)\n' +
    '    at SyncWriteStream._write (node:internal/fs/sync_write_stream:27:5)\n' +
    '    at writeOrBuffer (node:internal/streams/writable:572:12)\n' +
    '    at _write (node:internal/streams/writable:501:10)\n' +
    '    at SyncWriteStream.Writable.write (node:internal/streams/writable:510:10)\n' +
    '    at Console.log (/home/mohitmouryaa/github/salon-booking-backend/node_modules/winston/lib/winston/transports/console.js:87:23)\n' +
    '    at Console._write (/home/mohitmouryaa/github/salon-booking-backend/node_modules/winston-transport/modern.js:103:17)\n' +
    '    at doWrite (/home/mohitmouryaa/github/salon-booking-backend/node_modules/readable-stream/lib/_stream_writable.js:390:139)\n' +
    '    at writeOrBuffer (/home/mohitmouryaa/github/salon-booking-backend/node_modules/readable-stream/lib/_stream_writable.js:381:5)\n' +
    '    at Console.Writable.write (/home/mohitmouryaa/github/salon-booking-backend/node_modules/readable-stream/lib/_stream_writable.js:302:11)',
  timestamp: '2025-08-08T07:35:25.492Z'
}
{
  errno: -5,
  syscall: 'write',
  code: 'EIO',
  level: 'error',
  message: 'Uncaught Exception: EIO: i/o error, write',
  stack: 'Error: EIO: i/o error, write\n' +
    '    at writeSync (node:fs:923:3)\n' +
    '    at SyncWriteStream._write (node:internal/fs/sync_write_stream:27:5)\n' +
    '    at writeOrBuffer (node:internal/streams/writable:572:12)\n' +
    '    at _write (node:internal/streams/writable:501:10)\n' +
    '    at SyncWriteStream.Writable.write (node:internal/streams/writable:510:10)\n' +
    '    at Console.log (/home/mohitmouryaa/github/salon-booking-backend/node_modules/winston/lib/winston/transports/console.js:87:23)\n' +
    '    at Console._write (/home/mohitmouryaa/github/salon-booking-backend/node_modules/winston-transport/modern.js:103:17)\n' +
    '    at doWrite (/home/mohitmouryaa/github/salon-booking-backend/node_modules/readable-stream/lib/_stream_writable.js:390:139)\n' +
    '    at writeOrBuffer (/home/mohitmouryaa/github/salon-booking-backend/node_modules/readable-stream/lib/_stream_writable.js:381:5)\n' +
    '    at Console.Writable.write (/home/mohitmouryaa/github/salon-booking-backend/node_modules/readable-stream/lib/_stream_writable.js:302:11)',
  timestamp: '2025-08-08T07:35:25.493Z'
}
{
  errno: -5,
  syscall: 'write',
  code: 'EIO',
  level: 'error',
  message: 'Uncaught Exception: EIO: i/o error, write',
  stack: 'Error: EIO: i/o error, write\n' +
    '    at writeSync (node:fs:923:3)\n' +
    '    at SyncWriteStream._write (node:internal/fs/sync_write_stream:27:5)\n' +
    '    at writeOrBuffer (node:internal/streams/writable:572:12)\n' +
    '    at _write (node:internal/streams/writable:501:10)\n' +
    '    at SyncWriteStream.Writable.write (node:internal/streams/writable:510:10)\n' +
    '    at Console.log (/home/mohitmouryaa/github/salon-booking-backend/node_modules/winston/lib/winston/transports/console.js:87:23)\n' +
    '    at Console._write (/home/mohitmouryaa/github/salon-booking-backend/node_modules/winston-transport/modern.js:103:17)\n' +
    '    at doWrite (/home/mohitmouryaa/github/salon-booking-backend/node_modules/readable-stream/lib/_stream_writable.js:390:139)\n' +
    '    at writeOrBuffer (/home/mohitmouryaa/github/salon-booking-backend/node_modules/readable-stream/lib/_stream_writable.js:381:5)\n' +
    '    at Console.Writable.write (/home/mohitmouryaa/github/salon-booking-backend/node_modules/readable-stream/lib/_stream_writable.js:302:11)',
  timestamp: '2025-08-08T07:35:25.493Z'
}
{
  errno: -5,
  syscall: 'write',
  code: 'EIO',
  level: 'error',
  message: 'Uncaught Exception: EIO: i/o error, write',
  stack: 'Error: EIO: i/o error, write\n' +
    '    at writeSync (node:fs:923:3)\n' +
    '    at SyncWriteStream._write (node:internal/fs/sync_write_stream:27:5)\n' +
    '    at writeOrBuffer (node:internal/streams/writable:572:12)\n' +
    '    at _write (node:internal/streams/writable:501:10)\n' +
    '    at SyncWriteStream.Writable.write (node:internal/streams/writable:510:10)\n' +
    '    at Console.log (/home/mohitmouryaa/github/salon-booking-backend/node_modules/winston/lib/winston/transports/console.js:87:23)\n' +
    '    at Console._write (/home/mohitmouryaa/github/salon-booking-backend/node_modules/winston-transport/modern.js:103:17)\n' +
    '    at doWrite (/home/mohitmouryaa/github/salon-booking-backend/node_modules/readable-stream/lib/_stream_writable.js:390:139)\n' +
    '    at writeOrBuffer (/home/mohitmouryaa/github/salon-booking-backend/node_modules/readable-stream/lib/_stream_writable.js:381:5)\n' +
    '    at Console.Writable.write (/home/mohitmouryaa/github/salon-booking-backend/node_modules/readable-stream/lib/_stream_writable.js:302:11)',
  timestamp: '2025-08-08T07:35:25.494Z'
}
{
  errno: -5,
  syscall: 'write',
  code: 'EIO',
  level: 'error',
  message: 'Uncaught Exception: EIO: i/o error, write',
  stack: 'Error: EIO: i/o error, write\n' +
    '    at writeSync (node:fs:923:3)\n' +
    '    at SyncWriteStream._write (node:internal/fs/sync_write_stream:27:5)\n' +
    '    at writeOrBuffer (node:internal/streams/writable:572:12)\n' +
    '    at _write (node:internal/streams/writable:501:10)\n' +
    '    at SyncWriteStream.Writable.write (node:internal/streams/writable:510:10)\n' +
    '    at Console.log (/home/mohitmouryaa/github/salon-booking-backend/node_modules/winston/lib/winston/transports/console.js:87:23)\n' +
    '    at Console._write (/home/mohitmouryaa/github/salon-booking-backend/node_modules/winston-transport/modern.js:103:17)\n' +
    '    at doWrite (/home/mohitmouryaa/github/salon-booking-backend/node_modules/readable-stream/lib/_stream_writable.js:390:139)\n' +
    '    at writeOrBuffer (/home/mohitmouryaa/github/salon-booking-backend/node_modules/readable-stream/lib/_stream_writable.js:381:5)\n' +
    '    at Console.Writable.write (/home/mohitmouryaa/github/salon-booking-backend/node_modules/readable-stream/lib/_stream_writable.js:302:11)',
  timestamp: '2025-08-08T07:35:25.495Z'
}
{
  errno: -5,
  syscall: 'write',
  code: 'EIO',
  level: 'error',
  message: 'Uncaught Exception: EIO: i/o error, write',
  stack: 'Error: EIO: i/o error, write\n' +
    '    at writeSync (node:fs:923:3)\n' +
    '    at SyncWriteStream._write (node:internal/fs/sync_write_stream:27:5)\n' +
    '    at writeOrBuffer (node:internal/streams/writable:572:12)\n' +
    '    at _write (node:internal/streams/writable:501:10)\n' +
    '    at SyncWriteStream.Writable.write (node:internal/streams/writable:510:10)\n' +
    '    at Console.log (/home/mohitmouryaa/github/salon-booking-backend/node_modules/winston/lib/winston/transports/console.js:87:23)\n' +
    '    at Console._write (/home/mohitmouryaa/github/salon-booking-backend/node_modules/winston-transport/modern.js:103:17)\n' +
    '    at doWrite (/home/mohitmouryaa/github/salon-booking-backend/node_modules/readable-stream/lib/_stream_writable.js:390:139)\n' +
    '    at writeOrBuffer (/home/mohitmouryaa/github/salon-booking-backend/node_modules/readable-stream/lib/_stream_writable.js:381:5)\n' +
    '    at Console.Writable.write (/home/mohitmouryaa/github/salon-booking-backend/node_modules/readable-stream/lib/_stream_writable.js:302:11)',
  timestamp: '2025-08-08T07:35:25.495Z'
}
{
  errno: -5,
  syscall: 'write',
  code: 'EIO',
  level: 'error',
  message: 'Uncaught Exception: EIO: i/o error, write',
  stack: 'Error: EIO: i/o error, write\n' +
    '    at writeSync (node:fs:923:3)\n' +
    '    at SyncWriteStream._write (node:internal/fs/sync_write_stream:27:5)\n' +
    '    at writeOrBuffer (node:internal/streams/writable:572:12)\n' +
    '    at _write (node:internal/streams/writable:501:10)\n' +
    '    at SyncWriteStream.Writable.write (node:internal/streams/writable:510:10)\n' +
    '    at Console.log (/home/mohitmouryaa/github/salon-booking-backend/node_modules/winston/lib/winston/transports/console.js:87:23)\n' +
    '    at Console._write (/home/mohitmouryaa/github/salon-booking-backend/node_modules/winston-transport/modern.js:103:17)\n' +
    '    at doWrite (/home/mohitmouryaa/github/salon-booking-backend/node_modules/readable-stream/lib/_stream_writable.js:390:139)\n' +
    '    at writeOrBuffer (/home/mohitmouryaa/github/salon-booking-backend/node_modules/readable-stream/lib/_stream_writable.js:381:5)\n' +
    '    at Console.Writable.write (/home/mohitmouryaa/github/salon-booking-backend/node_modules/readable-stream/lib/_stream_writable.js:302:11)',
  timestamp: '2025-08-08T07:35:25.496Z'
}
{
  errno: -5,
  syscall: 'write',
  code: 'EIO',
  level: 'error',
  message: 'Uncaught Exception: EIO: i/o error, write',
  stack: 'Error: EIO: i/o error, write\n' +
    '    at writeSync (node:fs:923:3)\n' +
    '    at SyncWriteStream._write (node:internal/fs/sync_write_stream:27:5)\n' +
    '    at writeOrBuffer (node:internal/streams/writable:572:12)\n' +
    '    at _write (node:internal/streams/writable:501:10)\n' +
    '    at SyncWriteStream.Writable.write (node:internal/streams/writable:510:10)\n' +
    '    at Console.log (/home/mohitmouryaa/github/salon-booking-backend/node_modules/winston/lib/winston/transports/console.js:87:23)\n' +
    '    at Console._write (/home/mohitmouryaa/github/salon-booking-backend/node_modules/winston-transport/modern.js:103:17)\n' +
    '    at doWrite (/home/mohitmouryaa/github/salon-booking-backend/node_modules/readable-stream/lib/_stream_writable.js:390:139)\n' +
    '    at writeOrBuffer (/home/mohitmouryaa/github/salon-booking-backend/node_modules/readable-stream/lib/_stream_writable.js:381:5)\n' +
    '    at Console.Writable.write (/home/mohitmouryaa/github/salon-booking-backend/node_modules/readable-stream/lib/_stream_writable.js:302:11)',
  timestamp: '2025-08-08T07:35:25.497Z'
}
{
  errno: -5,
  syscall: 'write',
  code: 'EIO',
  level: 'error',
  message: 'Uncaught Exception: EIO: i/o error, write',
  stack: 'Error: EIO: i/o error, write\n' +
    '    at writeSync (node:fs:923:3)\n' +
    '    at SyncWriteStream._write (node:internal/fs/sync_write_stream:27:5)\n' +
    '    at writeOrBuffer (node:internal/streams/writable:572:12)\n' +
    '    at _write (node:internal/streams/writable:501:10)\n' +
    '    at SyncWriteStream.Writable.write (node:internal/streams/writable:510:10)\n' +
    '    at Console.log (/home/mohitmouryaa/github/salon-booking-backend/node_modules/winston/lib/winston/transports/console.js:87:23)\n' +
    '    at Console._write (/home/mohitmouryaa/github/salon-booking-backend/node_modules/winston-transport/modern.js:103:17)\n' +
    '    at doWrite (/home/mohitmouryaa/github/salon-booking-backend/node_modules/readable-stream/lib/_stream_writable.js:390:139)\n' +
    '    at writeOrBuffer (/home/mohitmouryaa/github/salon-booking-backend/node_modules/readable-stream/lib/_stream_writable.js:381:5)\n' +
    '    at Console.Writable.write (/home/mohitmouryaa/github/salon-booking-backend/node_modules/readable-stream/lib/_stream_writable.js:302:11)',
  timestamp: '2025-08-08T07:35:25.497Z'
}
{
  errno: -5,
  syscall: 'write',
  code: 'EIO',
  level: 'error',
  message: 'Uncaught Exception: EIO: i/o error, write',
  stack: 'Error: EIO: i/o error, write\n' +
    '    at writeSync (node:fs:923:3)\n' +
    '    at SyncWriteStream._write (node:internal/fs/sync_write_stream:27:5)\n' +
    '    at writeOrBuffer (node:internal/streams/writable:572:12)\n' +
    '    at _write (node:internal/streams/writable:501:10)\n' +
    '    at SyncWriteStream.Writable.write (node:internal/streams/writable:510:10)\n' +
    '    at Console.log (/home/mohitmouryaa/github/salon-booking-backend/node_modules/winston/lib/winston/transports/console.js:87:23)\n' +
    '    at Console._write (/home/mohitmouryaa/github/salon-booking-backend/node_modules/winston-transport/modern.js:103:17)\n' +
    '    at doWrite (/home/mohitmouryaa/github/salon-booking-backend/node_modules/readable-stream/lib/_stream_writable.js:390:139)\n' +
    '    at writeOrBuffer (/home/mohitmouryaa/github/salon-booking-backend/node_modules/readable-stream/lib/_stream_writable.js:381:5)\n' +
    '    at Console.Writable.write (/home/mohitmouryaa/github/salon-booking-backend/node_modules/readable-stream/lib/_stream_writable.js:302:11)',
  timestamp: '2025-08-08T07:35:25.498Z'
}
{
  errno: -5,
  syscall: 'write',
  code: 'EIO',
  level: 'error',
  message: 'Uncaught Exception: EIO: i/o error, write',
  stack: 'Error: EIO: i/o error, write\n' +
    '    at writeSync (node:fs:923:3)\n' +
    '    at SyncWriteStream._write (node:internal/fs/sync_write_stream:27:5)\n' +
    '    at writeOrBuffer (node:internal/streams/writable:572:12)\n' +
    '    at _write (node:internal/streams/writable:501:10)\n' +
    '    at SyncWriteStream.Writable.write (node:internal/streams/writable:510:10)\n' +
    '    at Console.log (/home/mohitmouryaa/github/salon-booking-backend/node_modules/winston/lib/winston/transports/console.js:87:23)\n' +
    '    at Console._write (/home/mohitmouryaa/github/salon-booking-backend/node_modules/winston-transport/modern.js:103:17)\n' +
    '    at doWrite (/home/mohitmouryaa/github/salon-booking-backend/node_modules/readable-stream/lib/_stream_writable.js:390:139)\n' +
    '    at writeOrBuffer (/home/mohitmouryaa/github/salon-booking-backend/node_modules/readable-stream/lib/_stream_writable.js:381:5)\n' +
    '    at Console.Writable.write (/home/mohitmouryaa/github/salon-booking-backend/node_modules/readable-stream/lib/_stream_writable.js:302:11)',
  timestamp: '2025-08-08T07:35:25.499Z'
}
{
  errno: -5,
  syscall: 'write',
  code: 'EIO',
  level: 'error',
  message: 'Uncaught Exception: EIO: i/o error, write',
  stack: 'Error: EIO: i/o error, write\n' +
    '    at writeSync (node:fs:923:3)\n' +
    '    at SyncWriteStream._write (node:internal/fs/sync_write_stream:27:5)\n' +
    '    at writeOrBuffer (node:internal/streams/writable:572:12)\n' +
    '    at _write (node:internal/streams/writable:501:10)\n' +
    '    at SyncWriteStream.Writable.write (node:internal/streams/writable:510:10)\n' +
    '    at Console.log (/home/mohitmouryaa/github/salon-booking-backend/node_modules/winston/lib/winston/transports/console.js:87:23)\n' +
    '    at Console._write (/home/mohitmouryaa/github/salon-booking-backend/node_modules/winston-transport/modern.js:103:17)\n' +
    '    at doWrite (/home/mohitmouryaa/github/salon-booking-backend/node_modules/readable-stream/lib/_stream_writable.js:390:139)\n' +
    '    at writeOrBuffer (/home/mohitmouryaa/github/salon-booking-backend/node_modules/readable-stream/lib/_stream_writable.js:381:5)\n' +
    '    at Console.Writable.write (/home/mohitmouryaa/github/salon-booking-backend/node_modules/readable-stream/lib/_stream_writable.js:302:11)',
  timestamp: '2025-08-08T07:35:25.500Z'
}
{
  errno: -5,
  syscall: 'write',
  code: 'EIO',
  level: 'error',
  message: 'Uncaught Exception: EIO: i/o error, write',
  stack: 'Error: EIO: i/o error, write\n' +
    '    at writeSync (node:fs:923:3)\n' +
    '    at SyncWriteStream._write (node:internal/fs/sync_write_stream:27:5)\n' +
    '    at writeOrBuffer (node:internal/streams/writable:572:12)\n' +
    '    at _write (node:internal/streams/writable:501:10)\n' +
    '    at SyncWriteStream.Writable.write (node:internal/streams/writable:510:10)\n' +
    '    at Console.log (/home/mohitmouryaa/github/salon-booking-backend/node_modules/winston/lib/winston/transports/console.js:87:23)\n' +
    '    at Console._write (/home/mohitmouryaa/github/salon-booking-backend/node_modules/winston-transport/modern.js:103:17)\n' +
    '    at doWrite (/home/mohitmouryaa/github/salon-booking-backend/node_modules/readable-stream/lib/_stream_writable.js:390:139)\n' +
    '    at writeOrBuffer (/home/mohitmouryaa/github/salon-booking-backend/node_modules/readable-stream/lib/_stream_writable.js:381:5)\n' +
    '    at Console.Writable.write (/home/mohitmouryaa/github/salon-booking-backend/node_modules/readable-stream/lib/_stream_writable.js:302:11)',
  timestamp: '2025-08-08T07:35:25.501Z'
}
{
  errno: -5,
  syscall: 'write',
  code: 'EIO',
  level: 'error',
  message: 'Uncaught Exception: EIO: i/o error, write',
  stack: 'Error: EIO: i/o error, write\n' +
    '    at writeSync (node:fs:923:3)\n' +
    '    at SyncWriteStream._write (node:internal/fs/sync_write_stream:27:5)\n' +
    '    at writeOrBuffer (node:internal/streams/writable:572:12)\n' +
    '    at _write (node:internal/streams/writable:501:10)\n' +
    '    at SyncWriteStream.Writable.write (node:internal/streams/writable:510:10)\n' +
    '    at Console.log (/home/mohitmouryaa/github/salon-booking-backend/node_modules/winston/lib/winston/transports/console.js:87:23)\n' +
    '    at Console._write (/home/mohitmouryaa/github/salon-booking-backend/node_modules/winston-transport/modern.js:103:17)\n' +
    '    at doWrite (/home/mohitmouryaa/github/salon-booking-backend/node_modules/readable-stream/lib/_stream_writable.js:390:139)\n' +
    '    at writeOrBuffer (/home/mohitmouryaa/github/salon-booking-backend/node_modules/readable-stream/lib/_stream_writable.js:381:5)\n' +
    '    at Console.Writable.write (/home/mohitmouryaa/github/salon-booking-backend/node_modules/readable-stream/lib/_stream_writable.js:302:11)',
  timestamp: '2025-08-08T07:35:25.501Z'
}
{
  errno: -5,
  syscall: 'write',
  code: 'EIO',
  level: 'error',
  message: 'Uncaught Exception: EIO: i/o error, write',
  stack: 'Error: EIO: i/o error, write\n' +
    '    at writeSync (node:fs:923:3)\n' +
    '    at SyncWriteStream._write (node:internal/fs/sync_write_stream:27:5)\n' +
    '    at writeOrBuffer (node:internal/streams/writable:572:12)\n' +
    '    at _write (node:internal/streams/writable:501:10)\n' +
    '    at SyncWriteStream.Writable.write (node:internal/streams/writable:510:10)\n' +
    '    at Console.log (/home/mohitmouryaa/github/salon-booking-backend/node_modules/winston/lib/winston/transports/console.js:87:23)\n' +
    '    at Console._write (/home/mohitmouryaa/github/salon-booking-backend/node_modules/winston-transport/modern.js:103:17)\n' +
    '    at doWrite (/home/mohitmouryaa/github/salon-booking-backend/node_modules/readable-stream/lib/_stream_writable.js:390:139)\n' +
    '    at writeOrBuffer (/home/mohitmouryaa/github/salon-booking-backend/node_modules/readable-stream/lib/_stream_writable.js:381:5)\n' +
    '    at Console.Writable.write (/home/mohitmouryaa/github/salon-booking-backend/node_modules/readable-stream/lib/_stream_writable.js:302:11)',
  timestamp: '2025-08-08T07:35:25.502Z'
}
{
  errno: -5,
  syscall: 'write',
  code: 'EIO',
  level: 'error',
  message: 'Uncaught Exception: EIO: i/o error, write',
  stack: 'Error: EIO: i/o error, write\n' +
    '    at writeSync (node:fs:923:3)\n' +
    '    at SyncWriteStream._write (node:internal/fs/sync_write_stream:27:5)\n' +
    '    at writeOrBuffer (node:internal/streams/writable:572:12)\n' +
    '    at _write (node:internal/streams/writable:501:10)\n' +
    '    at SyncWriteStream.Writable.write (node:internal/streams/writable:510:10)\n' +
    '    at Console.log (/home/mohitmouryaa/github/salon-booking-backend/node_modules/winston/lib/winston/transports/console.js:87:23)\n' +
    '    at Console._write (/home/mohitmouryaa/github/salon-booking-backend/node_modules/winston-transport/modern.js:103:17)\n' +
    '    at doWrite (/home/mohitmouryaa/github/salon-booking-backend/node_modules/readable-stream/lib/_stream_writable.js:390:139)\n' +
    '    at writeOrBuffer (/home/mohitmouryaa/github/salon-booking-backend/node_modules/readable-stream/lib/_stream_writable.js:381:5)\n' +
    '    at Console.Writable.write (/home/mohitmouryaa/github/salon-booking-backend/node_modules/readable-stream/lib/_stream_writable.js:302:11)',
  timestamp: '2025-08-08T07:35:25.502Z'
}
{
  errno: -5,
  syscall: 'write',
  code: 'EIO',
  level: 'error',
  message: 'Uncaught Exception: EIO: i/o error, write',
  stack: 'Error: EIO: i/o error, write\n' +
    '    at writeSync (node:fs:923:3)\n' +
    '    at SyncWriteStream._write (node:internal/fs/sync_write_stream:27:5)\n' +
    '    at writeOrBuffer (node:internal/streams/writable:572:12)\n' +
    '    at _write (node:internal/streams/writable:501:10)\n' +
    '    at SyncWriteStream.Writable.write (node:internal/streams/writable:510:10)\n' +
    '    at Console.log (/home/mohitmouryaa/github/salon-booking-backend/node_modules/winston/lib/winston/transports/console.js:87:23)\n' +
    '    at Console._write (/home/mohitmouryaa/github/salon-booking-backend/node_modules/winston-transport/modern.js:103:17)\n' +
    '    at doWrite (/home/mohitmouryaa/github/salon-booking-backend/node_modules/readable-stream/lib/_stream_writable.js:390:139)\n' +
    '    at writeOrBuffer (/home/mohitmouryaa/github/salon-booking-backend/node_modules/readable-stream/lib/_stream_writable.js:381:5)\n' +
    '    at Console.Writable.write (/home/mohitmouryaa/github/salon-booking-backend/node_modules/readable-stream/lib/_stream_writable.js:302:11)',
  timestamp: '2025-08-08T07:35:25.503Z'
}
{
  errno: -5,
  syscall: 'write',
  code: 'EIO',
  level: 'error',
  message: 'Uncaught Exception: EIO: i/o error, write',
  stack: 'Error: EIO: i/o error, write\n' +
    '    at writeSync (node:fs:923:3)\n' +
    '    at SyncWriteStream._write (node:internal/fs/sync_write_stream:27:5)\n' +
    '    at writeOrBuffer (node:internal/streams/writable:572:12)\n' +
    '    at _write (node:internal/streams/writable:501:10)\n' +
    '    at SyncWriteStream.Writable.write (node:internal/streams/writable:510:10)\n' +
    '    at Console.log (/home/mohitmouryaa/github/salon-booking-backend/node_modules/winston/lib/winston/transports/console.js:87:23)\n' +
    '    at Console._write (/home/mohitmouryaa/github/salon-booking-backend/node_modules/winston-transport/modern.js:103:17)\n' +
    '    at doWrite (/home/mohitmouryaa/github/salon-booking-backend/node_modules/readable-stream/lib/_stream_writable.js:390:139)\n' +
    '    at writeOrBuffer (/home/mohitmouryaa/github/salon-booking-backend/node_modules/readable-stream/lib/_stream_writable.js:381:5)\n' +
    '    at Console.Writable.write (/home/mohitmouryaa/github/salon-booking-backend/node_modules/readable-stream/lib/_stream_writable.js:302:11)',
  timestamp: '2025-08-08T07:35:25.504Z'
}
{
  errno: -5,
  syscall: 'write',
  code: 'EIO',
  level: 'error',
  message: 'Uncaught Exception: EIO: i/o error, write',
  stack: 'Error: EIO: i/o error, write\n' +
    '    at writeSync (node:fs:923:3)\n' +
    '    at SyncWriteStream._write (node:internal/fs/sync_write_stream:27:5)\n' +
    '    at writeOrBuffer (node:internal/streams/writable:572:12)\n' +
    '    at _write (node:internal/streams/writable:501:10)\n' +
    '    at SyncWriteStream.Writable.write (node:internal/streams/writable:510:10)\n' +
    '    at Console.log (/home/mohitmouryaa/github/salon-booking-backend/node_modules/winston/lib/winston/transports/console.js:87:23)\n' +
    '    at Console._write (/home/mohitmouryaa/github/salon-booking-backend/node_modules/winston-transport/modern.js:103:17)\n' +
    '    at doWrite (/home/mohitmouryaa/github/salon-booking-backend/node_modules/readable-stream/lib/_stream_writable.js:390:139)\n' +
    '    at writeOrBuffer (/home/mohitmouryaa/github/salon-booking-backend/node_modules/readable-stream/lib/_stream_writable.js:381:5)\n' +
    '    at Console.Writable.write (/home/mohitmouryaa/github/salon-booking-backend/node_modules/readable-stream/lib/_stream_writable.js:302:11)',
  timestamp: '2025-08-08T07:35:25.505Z'
}
{
  errno: -5,
  syscall: 'write',
  code: 'EIO',
  level: 'error',
  message: 'Uncaught Exception: EIO: i/o error, write',
  stack: 'Error: EIO: i/o error, write\n' +
    '    at writeSync (node:fs:923:3)\n' +
    '    at SyncWriteStream._write (node:internal/fs/sync_write_stream:27:5)\n' +
    '    at writeOrBuffer (node:internal/streams/writable:572:12)\n' +
    '    at _write (node:internal/streams/writable:501:10)\n' +
    '    at SyncWriteStream.Writable.write (node:internal/streams/writable:510:10)\n' +
    '    at Console.log (/home/mohitmouryaa/github/salon-booking-backend/node_modules/winston/lib/winston/transports/console.js:87:23)\n' +
    '    at Console._write (/home/mohitmouryaa/github/salon-booking-backend/node_modules/winston-transport/modern.js:103:17)\n' +
    '    at doWrite (/home/mohitmouryaa/github/salon-booking-backend/node_modules/readable-stream/lib/_stream_writable.js:390:139)\n' +
    '    at writeOrBuffer (/home/mohitmouryaa/github/salon-booking-backend/node_modules/readable-stream/lib/_stream_writable.js:381:5)\n' +
    '    at Console.Writable.write (/home/mohitmouryaa/github/salon-booking-backend/node_modules/readable-stream/lib/_stream_writable.js:302:11)',
  timestamp: '2025-08-08T07:35:25.505Z'
}
{
  errno: -5,
  syscall: 'write',
  code: 'EIO',
  level: 'error',
  message: 'Uncaught Exception: EIO: i/o error, write',
  stack: 'Error: EIO: i/o error, write\n' +
    '    at writeSync (node:fs:923:3)\n' +
    '    at SyncWriteStream._write (node:internal/fs/sync_write_stream:27:5)\n' +
    '    at writeOrBuffer (node:internal/streams/writable:572:12)\n' +
    '    at _write (node:internal/streams/writable:501:10)\n' +
    '    at SyncWriteStream.Writable.write (node:internal/streams/writable:510:10)\n' +
    '    at Console.log (/home/mohitmouryaa/github/salon-booking-backend/node_modules/winston/lib/winston/transports/console.js:87:23)\n' +
    '    at Console._write (/home/mohitmouryaa/github/salon-booking-backend/node_modules/winston-transport/modern.js:103:17)\n' +
    '    at doWrite (/home/mohitmouryaa/github/salon-booking-backend/node_modules/readable-stream/lib/_stream_writable.js:390:139)\n' +
    '    at writeOrBuffer (/home/mohitmouryaa/github/salon-booking-backend/node_modules/readable-stream/lib/_stream_writable.js:381:5)\n' +
    '    at Console.Writable.write (/home/mohitmouryaa/github/salon-booking-backend/node_modules/readable-stream/lib/_stream_writable.js:302:11)',
  timestamp: '2025-08-08T07:35:25.506Z'
}
{
  errno: -5,
  syscall: 'write',
  code: 'EIO',
  level: 'error',
  message: 'Uncaught Exception: EIO: i/o error, write',
  stack: 'Error: EIO: i/o error, write\n' +
    '    at writeSync (node:fs:923:3)\n' +
    '    at SyncWriteStream._write (node:internal/fs/sync_write_stream:27:5)\n' +
    '    at writeOrBuffer (node:internal/streams/writable:572:12)\n' +
    '    at _write (node:internal/streams/writable:501:10)\n' +
    '    at SyncWriteStream.Writable.write (node:internal/streams/writable:510:10)\n' +
    '    at Console.log (/home/mohitmouryaa/github/salon-booking-backend/node_modules/winston/lib/winston/transports/console.js:87:23)\n' +
    '    at Console._write (/home/mohitmouryaa/github/salon-booking-backend/node_modules/winston-transport/modern.js:103:17)\n' +
    '    at doWrite (/home/mohitmouryaa/github/salon-booking-backend/node_modules/readable-stream/lib/_stream_writable.js:390:139)\n' +
    '    at writeOrBuffer (/home/mohitmouryaa/github/salon-booking-backend/node_modules/readable-stream/lib/_stream_writable.js:381:5)\n' +
    '    at Console.Writable.write (/home/mohitmouryaa/github/salon-booking-backend/node_modules/readable-stream/lib/_stream_writable.js:302:11)',
  timestamp: '2025-08-08T07:35:25.507Z'
}
{
  errno: -5,
  syscall: 'write',
  code: 'EIO',
  level: 'error',
  message: 'Uncaught Exception: EIO: i/o error, write',
  stack: 'Error: EIO: i/o error, write\n' +
    '    at writeSync (node:fs:923:3)\n' +
    '    at SyncWriteStream._write (node:internal/fs/sync_write_stream:27:5)\n' +
    '    at writeOrBuffer (node:internal/streams/writable:572:12)\n' +
    '    at _write (node:internal/streams/writable:501:10)\n' +
    '    at SyncWriteStream.Writable.write (node:internal/streams/writable:510:10)\n' +
    '    at Console.log (/home/mohitmouryaa/github/salon-booking-backend/node_modules/winston/lib/winston/transports/console.js:87:23)\n' +
    '    at Console._write (/home/mohitmouryaa/github/salon-booking-backend/node_modules/winston-transport/modern.js:103:17)\n' +
    '    at doWrite (/home/mohitmouryaa/github/salon-booking-backend/node_modules/readable-stream/lib/_stream_writable.js:390:139)\n' +
    '    at writeOrBuffer (/home/mohitmouryaa/github/salon-booking-backend/node_modules/readable-stream/lib/_stream_writable.js:381:5)\n' +
    '    at Console.Writable.write (/home/mohitmouryaa/github/salon-booking-backend/node_modules/readable-stream/lib/_stream_writable.js:302:11)',
  timestamp: '2025-08-08T07:35:25.508Z'
}
{
  errno: -5,
  syscall: 'write',
  code: 'EIO',
  level: 'error',
  message: 'Uncaught Exception: EIO: i/o error, write',
  stack: 'Error: EIO: i/o error, write\n' +
    '    at writeSync (node:fs:923:3)\n' +
    '    at SyncWriteStream._write (node:internal/fs/sync_write_stream:27:5)\n' +
    '    at writeOrBuffer (node:internal/streams/writable:572:12)\n' +
    '    at _write (node:internal/streams/writable:501:10)\n' +
    '    at SyncWriteStream.Writable.write (node:internal/streams/writable:510:10)\n' +
    '    at Console.log (/home/mohitmouryaa/github/salon-booking-backend/node_modules/winston/lib/winston/transports/console.js:87:23)\n' +
    '    at Console._write (/home/mohitmouryaa/github/salon-booking-backend/node_modules/winston-transport/modern.js:103:17)\n' +
    '    at doWrite (/home/mohitmouryaa/github/salon-booking-backend/node_modules/readable-stream/lib/_stream_writable.js:390:139)\n' +
    '    at writeOrBuffer (/home/mohitmouryaa/github/salon-booking-backend/node_modules/readable-stream/lib/_stream_writable.js:381:5)\n' +
    '    at Console.Writable.write (/home/mohitmouryaa/github/salon-booking-backend/node_modules/readable-stream/lib/_stream_writable.js:302:11)',
  timestamp: '2025-08-08T07:35:25.509Z'
}
{
  errno: -5,
  syscall: 'write',
  code: 'EIO',
  level: 'error',
  message: 'Uncaught Exception: EIO: i/o error, write',
  stack: 'Error: EIO: i/o error, write\n' +
    '    at writeSync (node:fs:923:3)\n' +
    '    at SyncWriteStream._write (node:internal/fs/sync_write_stream:27:5)\n' +
    '    at writeOrBuffer (node:internal/streams/writable:572:12)\n' +
    '    at _write (node:internal/streams/writable:501:10)\n' +
    '    at SyncWriteStream.Writable.write (node:internal/streams/writable:510:10)\n' +
    '    at Console.log (/home/mohitmouryaa/github/salon-booking-backend/node_modules/winston/lib/winston/transports/console.js:87:23)\n' +
    '    at Console._write (/home/mohitmouryaa/github/salon-booking-backend/node_modules/winston-transport/modern.js:103:17)\n' +
    '    at doWrite (/home/mohitmouryaa/github/salon-booking-backend/node_modules/readable-stream/lib/_stream_writable.js:390:139)\n' +
    '    at writeOrBuffer (/home/mohitmouryaa/github/salon-booking-backend/node_modules/readable-stream/lib/_stream_writable.js:381:5)\n' +
    '    at Console.Writable.write (/home/mohitmouryaa/github/salon-booking-backend/node_modules/readable-stream/lib/_stream_writable.js:302:11)',
  timestamp: '2025-08-08T07:35:25.510Z'
}
{
  errno: -5,
  syscall: 'write',
  code: 'EIO',
  level: 'error',
  message: 'Uncaught Exception: EIO: i/o error, write',
  stack: 'Error: EIO: i/o error, write\n' +
    '    at writeSync (node:fs:923:3)\n' +
    '    at SyncWriteStream._write (node:internal/fs/sync_write_stream:27:5)\n' +
    '    at writeOrBuffer (node:internal/streams/writable:572:12)\n' +
    '    at _write (node:internal/streams/writable:501:10)\n' +
    '    at SyncWriteStream.Writable.write (node:internal/streams/writable:510:10)\n' +
    '    at Console.log (/home/mohitmouryaa/github/salon-booking-backend/node_modules/winston/lib/winston/transports/console.js:87:23)\n' +
    '    at Console._write (/home/mohitmouryaa/github/salon-booking-backend/node_modules/winston-transport/modern.js:103:17)\n' +
    '    at doWrite (/home/mohitmouryaa/github/salon-booking-backend/node_modules/readable-stream/lib/_stream_writable.js:390:139)\n' +
    '    at writeOrBuffer (/home/mohitmouryaa/github/salon-booking-backend/node_modules/readable-stream/lib/_stream_writable.js:381:5)\n' +
    '    at Console.Writable.write (/home/mohitmouryaa/github/salon-booking-backend/node_modules/readable-stream/lib/_stream_writable.js:302:11)',
  timestamp: '2025-08-08T07:35:25.511Z'
}
{
  errno: -5,
  syscall: 'write',
  code: 'EIO',
  level: 'error',
  message: 'Uncaught Exception: EIO: i/o error, write',
  stack: 'Error: EIO: i/o error, write\n' +
    '    at writeSync (node:fs:923:3)\n' +
    '    at SyncWriteStream._write (node:internal/fs/sync_write_stream:27:5)\n' +
    '    at writeOrBuffer (node:internal/streams/writable:572:12)\n' +
    '    at _write (node:internal/streams/writable:501:10)\n' +
    '    at SyncWriteStream.Writable.write (node:internal/streams/writable:510:10)\n' +
    '    at Console.log (/home/mohitmouryaa/github/salon-booking-backend/node_modules/winston/lib/winston/transports/console.js:87:23)\n' +
    '    at Console._write (/home/mohitmouryaa/github/salon-booking-backend/node_modules/winston-transport/modern.js:103:17)\n' +
    '    at doWrite (/home/mohitmouryaa/github/salon-booking-backend/node_modules/readable-stream/lib/_stream_writable.js:390:139)\n' +
    '    at writeOrBuffer (/home/mohitmouryaa/github/salon-booking-backend/node_modules/readable-stream/lib/_stream_writable.js:381:5)\n' +
    '    at Console.Writable.write (/home/mohitmouryaa/github/salon-booking-backend/node_modules/readable-stream/lib/_stream_writable.js:302:11)',
  timestamp: '2025-08-08T07:35:25.512Z'
}
{
  errno: -5,
  syscall: 'write',
  code: 'EIO',
  level: 'error',
  message: 'Uncaught Exception: EIO: i/o error, write',
  stack: 'Error: EIO: i/o error, write\n' +
    '    at writeSync (node:fs:923:3)\n' +
    '    at SyncWriteStream._write (node:internal/fs/sync_write_stream:27:5)\n' +
    '    at writeOrBuffer (node:internal/streams/writable:572:12)\n' +
    '    at _write (node:internal/streams/writable:501:10)\n' +
    '    at SyncWriteStream.Writable.write (node:internal/streams/writable:510:10)\n' +
    '    at Console.log (/home/mohitmouryaa/github/salon-booking-backend/node_modules/winston/lib/winston/transports/console.js:87:23)\n' +
    '    at Console._write (/home/mohitmouryaa/github/salon-booking-backend/node_modules/winston-transport/modern.js:103:17)\n' +
    '    at doWrite (/home/mohitmouryaa/github/salon-booking-backend/node_modules/readable-stream/lib/_stream_writable.js:390:139)\n' +
    '    at writeOrBuffer (/home/mohitmouryaa/github/salon-booking-backend/node_modules/readable-stream/lib/_stream_writable.js:381:5)\n' +
    '    at Console.Writable.write (/home/mohitmouryaa/github/salon-booking-backend/node_modules/readable-stream/lib/_stream_writable.js:302:11)',
  timestamp: '2025-08-08T07:35:25.513Z'
}
{
  errno: -5,
  syscall: 'write',
  code: 'EIO',
  level: 'error',
  message: 'Uncaught Exception: EIO: i/o error, write',
  stack: 'Error: EIO: i/o error, write\n' +
    '    at writeSync (node:fs:923:3)\n' +
    '    at SyncWriteStream._write (node:internal/fs/sync_write_stream:27:5)\n' +
    '    at writeOrBuffer (node:internal/streams/writable:572:12)\n' +
    '    at _write (node:internal/streams/writable:501:10)\n' +
    '    at SyncWriteStream.Writable.write (node:internal/streams/writable:510:10)\n' +
    '    at Console.log (/home/mohitmouryaa/github/salon-booking-backend/node_modules/winston/lib/winston/transports/console.js:87:23)\n' +
    '    at Console._write (/home/mohitmouryaa/github/salon-booking-backend/node_modules/winston-transport/modern.js:103:17)\n' +
    '    at doWrite (/home/mohitmouryaa/github/salon-booking-backend/node_modules/readable-stream/lib/_stream_writable.js:390:139)\n' +
    '    at writeOrBuffer (/home/mohitmouryaa/github/salon-booking-backend/node_modules/readable-stream/lib/_stream_writable.js:381:5)\n' +
    '    at Console.Writable.write (/home/mohitmouryaa/github/salon-booking-backend/node_modules/readable-stream/lib/_stream_writable.js:302:11)',
  timestamp: '2025-08-08T07:35:25.513Z'
}
{
  errno: -5,
  syscall: 'write',
  code: 'EIO',
  level: 'error',
  message: 'Uncaught Exception: EIO: i/o error, write',
  stack: 'Error: EIO: i/o error, write\n' +
    '    at writeSync (node:fs:923:3)\n' +
    '    at SyncWriteStream._write (node:internal/fs/sync_write_stream:27:5)\n' +
    '    at writeOrBuffer (node:internal/streams/writable:572:12)\n' +
    '    at _write (node:internal/streams/writable:501:10)\n' +
    '    at SyncWriteStream.Writable.write (node:internal/streams/writable:510:10)\n' +
    '    at Console.log (/home/mohitmouryaa/github/salon-booking-backend/node_modules/winston/lib/winston/transports/console.js:87:23)\n' +
    '    at Console._write (/home/mohitmouryaa/github/salon-booking-backend/node_modules/winston-transport/modern.js:103:17)\n' +
    '    at doWrite (/home/mohitmouryaa/github/salon-booking-backend/node_modules/readable-stream/lib/_stream_writable.js:390:139)\n' +
    '    at writeOrBuffer (/home/mohitmouryaa/github/salon-booking-backend/node_modules/readable-stream/lib/_stream_writable.js:381:5)\n' +
    '    at Console.Writable.write (/home/mohitmouryaa/github/salon-booking-backend/node_modules/readable-stream/lib/_stream_writable.js:302:11)',
  timestamp: '2025-08-08T07:35:25.514Z'
}
{
  errno: -5,
  syscall: 'write',
  code: 'EIO',
  level: 'error',
  message: 'Uncaught Exception: EIO: i/o error, write',
  stack: 'Error: EIO: i/o error, write\n' +
    '    at writeSync (node:fs:923:3)\n' +
    '    at SyncWriteStream._write (node:internal/fs/sync_write_stream:27:5)\n' +
    '    at writeOrBuffer (node:internal/streams/writable:572:12)\n' +
    '    at _write (node:internal/streams/writable:501:10)\n' +
    '    at SyncWriteStream.Writable.write (node:internal/streams/writable:510:10)\n' +
    '    at Console.log (/home/mohitmouryaa/github/salon-booking-backend/node_modules/winston/lib/winston/transports/console.js:87:23)\n' +
    '    at Console._write (/home/mohitmouryaa/github/salon-booking-backend/node_modules/winston-transport/modern.js:103:17)\n' +
    '    at doWrite (/home/mohitmouryaa/github/salon-booking-backend/node_modules/readable-stream/lib/_stream_writable.js:390:139)\n' +
    '    at writeOrBuffer (/home/mohitmouryaa/github/salon-booking-backend/node_modules/readable-stream/lib/_stream_writable.js:381:5)\n' +
    '    at Console.Writable.write (/home/mohitmouryaa/github/salon-booking-backend/node_modules/readable-stream/lib/_stream_writable.js:302:11)',
  timestamp: '2025-08-08T07:35:25.515Z'
}
{
  errno: -5,
  syscall: 'write',
  code: 'EIO',
  level: 'error',
  message: 'Uncaught Exception: EIO: i/o error, write',
  stack: 'Error: EIO: i/o error, write\n' +
    '    at writeSync (node:fs:923:3)\n' +
    '    at SyncWriteStream._write (node:internal/fs/sync_write_stream:27:5)\n' +
    '    at writeOrBuffer (node:internal/streams/writable:572:12)\n' +
    '    at _write (node:internal/streams/writable:501:10)\n' +
    '    at SyncWriteStream.Writable.write (node:internal/streams/writable:510:10)\n' +
    '    at Console.log (/home/mohitmouryaa/github/salon-booking-backend/node_modules/winston/lib/winston/transports/console.js:87:23)\n' +
    '    at Console._write (/home/mohitmouryaa/github/salon-booking-backend/node_modules/winston-transport/modern.js:103:17)\n' +
    '    at doWrite (/home/mohitmouryaa/github/salon-booking-backend/node_modules/readable-stream/lib/_stream_writable.js:390:139)\n' +
    '    at writeOrBuffer (/home/mohitmouryaa/github/salon-booking-backend/node_modules/readable-stream/lib/_stream_writable.js:381:5)\n' +
    '    at Console.Writable.write (/home/mohitmouryaa/github/salon-booking-backend/node_modules/readable-stream/lib/_stream_writable.js:302:11)',
  timestamp: '2025-08-08T07:35:25.517Z'
}
{
  errno: -5,
  syscall: 'write',
  code: 'EIO',
  level: 'error',
  message: 'Uncaught Exception: EIO: i/o error, write',
  stack: 'Error: EIO: i/o error, write\n' +
    '    at writeSync (node:fs:923:3)\n' +
    '    at SyncWriteStream._write (node:internal/fs/sync_write_stream:27:5)\n' +
    '    at writeOrBuffer (node:internal/streams/writable:572:12)\n' +
    '    at _write (node:internal/streams/writable:501:10)\n' +
    '    at SyncWriteStream.Writable.write (node:internal/streams/writable:510:10)\n' +
    '    at Console.log (/home/mohitmouryaa/github/salon-booking-backend/node_modules/winston/lib/winston/transports/console.js:87:23)\n' +
    '    at Console._write (/home/mohitmouryaa/github/salon-booking-backend/node_modules/winston-transport/modern.js:103:17)\n' +
    '    at doWrite (/home/mohitmouryaa/github/salon-booking-backend/node_modules/readable-stream/lib/_stream_writable.js:390:139)\n' +
    '    at writeOrBuffer (/home/mohitmouryaa/github/salon-booking-backend/node_modules/readable-stream/lib/_stream_writable.js:381:5)\n' +
    '    at Console.Writable.write (/home/mohitmouryaa/github/salon-booking-backend/node_modules/readable-stream/lib/_stream_writable.js:302:11)',
  timestamp: '2025-08-08T07:35:25.518Z'
}
{
  errno: -5,
  syscall: 'write',
  code: 'EIO',
  level: 'error',
  message: 'Uncaught Exception: EIO: i/o error, write',
  stack: 'Error: EIO: i/o error, write\n' +
    '    at writeSync (node:fs:923:3)\n' +
    '    at SyncWriteStream._write (node:internal/fs/sync_write_stream:27:5)\n' +
    '    at writeOrBuffer (node:internal/streams/writable:572:12)\n' +
    '    at _write (node:internal/streams/writable:501:10)\n' +
    '    at SyncWriteStream.Writable.write (node:internal/streams/writable:510:10)\n' +
    '    at Console.log (/home/mohitmouryaa/github/salon-booking-backend/node_modules/winston/lib/winston/transports/console.js:87:23)\n' +
    '    at Console._write (/home/mohitmouryaa/github/salon-booking-backend/node_modules/winston-transport/modern.js:103:17)\n' +
    '    at doWrite (/home/mohitmouryaa/github/salon-booking-backend/node_modules/readable-stream/lib/_stream_writable.js:390:139)\n' +
    '    at writeOrBuffer (/home/mohitmouryaa/github/salon-booking-backend/node_modules/readable-stream/lib/_stream_writable.js:381:5)\n' +
    '    at Console.Writable.write (/home/mohitmouryaa/github/salon-booking-backend/node_modules/readable-stream/lib/_stream_writable.js:302:11)',
  timestamp: '2025-08-08T07:35:25.520Z'
}
{
  message: 'Error occurred: Request with GET/HEAD method cannot have body.',
  statusCode: undefined,
  stack: 'TypeError: Request with GET/HEAD method cannot have body.\n' +
    '    at new Request (node:internal/deps/undici/undici:9805:17)\n' +
    '    at verifyWebhook (/home/mohitmouryaa/github/salon-booking-backend/node_modules/@clerk/express/src/webhooks.ts:57:25)\n' +
    '    at /home/mohitmouryaa/github/salon-booking-backend/src/controllers/user.controller.ts:11:36\n' +
    '    at /home/mohitmouryaa/github/salon-booking-backend/src/middlewares/error.middleware.ts:108:21\n' +
    '    at Layer.handleRequest (/home/mohitmouryaa/github/salon-booking-backend/node_modules/router/lib/layer.js:152:17)\n' +
    '    at next (/home/mohitmouryaa/github/salon-booking-backend/node_modules/router/lib/route.js:157:13)\n' +
    '    at Route.dispatch (/home/mohitmouryaa/github/salon-booking-backend/node_modules/router/lib/route.js:117:3)\n' +
    '    at handle (/home/mohitmouryaa/github/salon-booking-backend/node_modules/router/index.js:435:11)\n' +
    '    at Layer.handleRequest (/home/mohitmouryaa/github/salon-booking-backend/node_modules/router/lib/layer.js:152:17)\n' +
    '    at /home/mohitmouryaa/github/salon-booking-backend/node_modules/router/index.js:295:15',
  url: '/api/v1/sync-clerk-user',
  method: 'GET',
  ip: '::1',
  level: 'error',
  timestamp: '2025-08-12T09:06:31.245Z'
}
{
  message: 'Error occurred: Request with GET/HEAD method cannot have body.',
  statusCode: undefined,
  stack: 'TypeError: Request with GET/HEAD method cannot have body.\n' +
    '    at new Request (node:internal/deps/undici/undici:9805:17)\n' +
    '    at verifyWebhook (/home/mohitmouryaa/github/salon-booking-backend/node_modules/@clerk/express/src/webhooks.ts:57:25)\n' +
    '    at /home/mohitmouryaa/github/salon-booking-backend/src/controllers/user.controller.ts:11:36\n' +
    '    at /home/mohitmouryaa/github/salon-booking-backend/src/middlewares/error.middleware.ts:108:21\n' +
    '    at Layer.handleRequest (/home/mohitmouryaa/github/salon-booking-backend/node_modules/router/lib/layer.js:152:17)\n' +
    '    at next (/home/mohitmouryaa/github/salon-booking-backend/node_modules/router/lib/route.js:157:13)\n' +
    '    at Route.dispatch (/home/mohitmouryaa/github/salon-booking-backend/node_modules/router/lib/route.js:117:3)\n' +
    '    at handle (/home/mohitmouryaa/github/salon-booking-backend/node_modules/router/index.js:435:11)\n' +
    '    at Layer.handleRequest (/home/mohitmouryaa/github/salon-booking-backend/node_modules/router/lib/layer.js:152:17)\n' +
    '    at /home/mohitmouryaa/github/salon-booking-backend/node_modules/router/index.js:295:15',
  url: '/api/v1/sync-clerk-user',
  method: 'GET',
  ip: '115.245.238.146',
  level: 'error',
  timestamp: '2025-08-12T09:11:03.799Z'
}
{
  message: 'Error occurred: @clerk/backend: Missing webhook signing secret. Set the CLERK_WEBHOOK_SIGNING_SECRET environment variable with the webhook secret from the Clerk Dashboard.',
  statusCode: undefined,
  stack: 'Error: @clerk/backend: Missing webhook signing secret. Set the CLERK_WEBHOOK_SIGNING_SECRET environment variable with the webhook secret from the Clerk Dashboard.\n' +
    '    at Object.throw (/home/mohitmouryaa/github/salon-booking-backend/node_modules/@clerk/shared/src/error.ts:425:13)\n' +
    '    at verifyWebhookBase (/home/mohitmouryaa/github/salon-booking-backend/node_modules/@clerk/backend/src/webhooks.ts:89:25)\n' +
    '    at verifyWebhook (/home/mohitmouryaa/github/salon-booking-backend/node_modules/@clerk/express/src/webhooks.ts:60:10)\n' +
    '    at /home/mohitmouryaa/github/salon-booking-backend/src/controllers/user.controller.ts:11:36\n' +
    '    at /home/mohitmouryaa/github/salon-booking-backend/src/middlewares/error.middleware.ts:108:21\n' +
    '    at Layer.handleRequest (/home/mohitmouryaa/github/salon-booking-backend/node_modules/router/lib/layer.js:152:17)\n' +
    '    at next (/home/mohitmouryaa/github/salon-booking-backend/node_modules/router/lib/route.js:157:13)\n' +
    '    at Route.dispatch (/home/mohitmouryaa/github/salon-booking-backend/node_modules/router/lib/route.js:117:3)\n' +
    '    at handle (/home/mohitmouryaa/github/salon-booking-backend/node_modules/router/index.js:435:11)\n' +
    '    at Layer.handleRequest (/home/mohitmouryaa/github/salon-booking-backend/node_modules/router/lib/layer.js:152:17)',
  url: '/api/v1/sync-clerk-user',
  method: 'POST',
  ip: '52.215.16.239',
  level: 'error',
  timestamp: '2025-08-12T09:11:36.757Z'
}
{
  message: 'Error occurred: \n' +
    'Invalid `prisma.user.upsert()` invocation:\n' +
    '\n' +
    '{\n' +
    '  where: {\n' +
    '    clerkId: "user_2g7np7Hrk0SN6kj5EDMLDaKNL0S"\n' +
    '  },\n' +
    '  update: {\n' +
    '    role: "MEMBER",\n' +
    '          ~~~~~~~~\n' +
    '    orgId: null\n' +
    '  },\n' +
    '  create: {\n' +
    '    clerkId: "user_2g7np7Hrk0SN6kj5EDMLDaKNL0S"\n' +
    '  }\n' +
    '}\n' +
    '\n' +
    'Invalid value for argument `role`. Expected Role.',
  statusCode: undefined,
  stack: 'PrismaClientValidationError: \n' +
    'Invalid `prisma.user.upsert()` invocation:\n' +
    '\n' +
    '{\n' +
    '  where: {\n' +
    '    clerkId: "user_2g7np7Hrk0SN6kj5EDMLDaKNL0S"\n' +
    '  },\n' +
    '  update: {\n' +
    '    role: "MEMBER",\n' +
    '          ~~~~~~~~\n' +
    '    orgId: null\n' +
    '  },\n' +
    '  create: {\n' +
    '    clerkId: "user_2g7np7Hrk0SN6kj5EDMLDaKNL0S"\n' +
    '  }\n' +
    '}\n' +
    '\n' +
    'Invalid value for argument `role`. Expected Role.\n' +
    '    at _n (/home/mohitmouryaa/github/salon-booking-backend/src/generated/prisma/runtime/library.js:32:1363)\n' +
    '    at ri.handleRequestError (/home/mohitmouryaa/github/salon-booking-backend/src/generated/prisma/runtime/library.js:124:7102)\n' +
    '    at ri.handleAndLogRequestError (/home/mohitmouryaa/github/salon-booking-backend/src/generated/prisma/runtime/library.js:124:6784)\n' +
    '    at ri.request (/home/mohitmouryaa/github/salon-booking-backend/src/generated/prisma/runtime/library.js:124:6491)\n' +
    '    at async l (/home/mohitmouryaa/github/salon-booking-backend/src/generated/prisma/runtime/library.js:133:9812)\n' +
    '    at async UserService.syncClerkUser (/home/mohitmouryaa/github/salon-booking-backend/src/services/user.service.ts:8:5)\n' +
    '    at async /home/mohitmouryaa/github/salon-booking-backend/src/controllers/user.controller.ts:13:5',
  url: '/api/v1/sync-clerk-user',
  method: 'POST',
  ip: '54.216.8.72',
  level: 'error',
  timestamp: '2025-08-12T09:12:53.761Z'
}
{
  message: 'Error occurred: \n' +
    'Invalid `prisma.user.delete()` invocation:\n' +
    '\n' +
    '\n' +
    'An operation failed because it depends on one or more records that were required but not found. No record was found for a delete.',
  statusCode: undefined,
  stack: 'PrismaClientKnownRequestError: \n' +
    'Invalid `prisma.user.delete()` invocation:\n' +
    '\n' +
    '\n' +
    'An operation failed because it depends on one or more records that were required but not found. No record was found for a delete.\n' +
    '    at ri.handleRequestError (/home/mohitmouryaa/github/salon-booking-backend/src/generated/prisma/runtime/library.js:124:7459)\n' +
    '    at ri.handleAndLogRequestError (/home/mohitmouryaa/github/salon-booking-backend/src/generated/prisma/runtime/library.js:124:6784)\n' +
    '    at ri.request (/home/mohitmouryaa/github/salon-booking-backend/src/generated/prisma/runtime/library.js:124:6491)\n' +
    '    at async l (/home/mohitmouryaa/github/salon-booking-backend/src/generated/prisma/runtime/library.js:133:9812)\n' +
    '    at async UserService.syncClerkUser (/home/mohitmouryaa/github/salon-booking-backend/src/services/user.service.ts:9:7)\n' +
    '    at async /home/mohitmouryaa/github/salon-booking-backend/src/controllers/user.controller.ts:13:5',
  url: '/api/v1/sync-clerk-user',
  method: 'POST',
  ip: '63.33.109.123',
  level: 'error',
  timestamp: '2025-08-12T09:35:35.731Z'
}
{
  message: "Error occurred: Cannot read properties of undefined (reading 'headers')",
  statusCode: undefined,
  stack: "TypeError: Cannot read properties of undefined (reading 'headers')\n" +
    '    at incomingMessageToRequest (/home/mohitmouryaa/github/salon-booking-backend/node_modules/@clerk/express/src/utils.ts:41:35)\n' +
    '    at authenticateRequest (/home/mohitmouryaa/github/salon-booking-backend/node_modules/@clerk/express/src/authenticateRequest.ts:18:43)\n' +
    '    at Layer.handleRequest (/home/mohitmouryaa/github/salon-booking-backend/node_modules/router/lib/layer.js:152:17)\n' +
    '    at trimPrefix (/home/mohitmouryaa/github/salon-booking-backend/node_modules/router/index.js:342:13)\n' +
    '    at /home/mohitmouryaa/github/salon-booking-backend/node_modules/router/index.js:297:9\n' +
    '    at processParams (/home/mohitmouryaa/github/salon-booking-backend/node_modules/router/index.js:582:12)\n' +
    '    at next (/home/mohitmouryaa/github/salon-booking-backend/node_modules/router/index.js:291:5)\n' +
    '    at Function.handle (/home/mohitmouryaa/github/salon-booking-backend/node_modules/router/index.js:186:3)\n' +
    '    at router (/home/mohitmouryaa/github/salon-booking-backend/node_modules/router/index.js:60:12)\n' +
    '    at Layer.handleRequest (/home/mohitmouryaa/github/salon-booking-backend/node_modules/router/lib/layer.js:152:17)',
  url: '/api/v1/categories/',
  method: 'GET',
  ip: '::1',
  level: 'error',
  timestamp: '2025-08-13T07:11:18.672Z'
}
{
  message: "Error occurred: Cannot read properties of undefined (reading 'headers')",
  statusCode: undefined,
  stack: "TypeError: Cannot read properties of undefined (reading 'headers')\n" +
    '    at incomingMessageToRequest (/home/mohitmouryaa/github/salon-booking-backend/node_modules/@clerk/express/src/utils.ts:41:35)\n' +
    '    at authenticateRequest (/home/mohitmouryaa/github/salon-booking-backend/node_modules/@clerk/express/src/authenticateRequest.ts:18:43)\n' +
    '    at Layer.handleRequest (/home/mohitmouryaa/github/salon-booking-backend/node_modules/router/lib/layer.js:152:17)\n' +
    '    at trimPrefix (/home/mohitmouryaa/github/salon-booking-backend/node_modules/router/index.js:342:13)\n' +
    '    at /home/mohitmouryaa/github/salon-booking-backend/node_modules/router/index.js:297:9\n' +
    '    at processParams (/home/mohitmouryaa/github/salon-booking-backend/node_modules/router/index.js:582:12)\n' +
    '    at next (/home/mohitmouryaa/github/salon-booking-backend/node_modules/router/index.js:291:5)\n' +
    '    at Function.handle (/home/mohitmouryaa/github/salon-booking-backend/node_modules/router/index.js:186:3)\n' +
    '    at router (/home/mohitmouryaa/github/salon-booking-backend/node_modules/router/index.js:60:12)\n' +
    '    at Layer.handleRequest (/home/mohitmouryaa/github/salon-booking-backend/node_modules/router/lib/layer.js:152:17)',
  url: '/api/v1/categories/',
  method: 'POST',
  ip: '::1',
  level: 'error',
  timestamp: '2025-08-13T07:11:35.717Z'
}
{
  message: 'Error occurred: Validation error: [{"message":"Invalid input: expected object, received undefined","path":["body"]}]',
  statusCode: 400,
  stack: 'Error: Validation error: [{"message":"Invalid input: expected object, received undefined","path":["body"]}]\n' +
    '    at /home/mohitmouryaa/github/salon-booking-backend/src/middlewares/validation.middleware.ts:20:14\n' +
    '    at Layer.handleRequest (/home/mohitmouryaa/github/salon-booking-backend/node_modules/router/lib/layer.js:152:17)\n' +
    '    at next (/home/mohitmouryaa/github/salon-booking-backend/node_modules/router/lib/route.js:157:13)\n' +
    '    at Route.dispatch (/home/mohitmouryaa/github/salon-booking-backend/node_modules/router/lib/route.js:117:3)\n' +
    '    at handle (/home/mohitmouryaa/github/salon-booking-backend/node_modules/router/index.js:435:11)\n' +
    '    at Layer.handleRequest (/home/mohitmouryaa/github/salon-booking-backend/node_modules/router/lib/layer.js:152:17)\n' +
    '    at /home/mohitmouryaa/github/salon-booking-backend/node_modules/router/index.js:295:15\n' +
    '    at processParams (/home/mohitmouryaa/github/salon-booking-backend/node_modules/router/index.js:582:12)\n' +
    '    at next (/home/mohitmouryaa/github/salon-booking-backend/node_modules/router/index.js:291:5)\n' +
    '    at Function.handle (/home/mohitmouryaa/github/salon-booking-backend/node_modules/router/index.js:186:3)',
  url: '/api/v1/categories/',
  method: 'POST',
  ip: '::1',
  level: 'error',
  timestamp: '2025-08-13T07:14:28.157Z'
}
{
  message: 'Error occurred: Authentication required',
  statusCode: 401,
  stack: 'Error: Authentication required\n' +
    '    at customAuth (/home/mohitmouryaa/github/salon-booking-backend/src/middlewares/error.middleware.ts:118:17)\n' +
    '    at Layer.handleRequest (/home/mohitmouryaa/github/salon-booking-backend/node_modules/router/lib/layer.js:152:17)\n' +
    '    at trimPrefix (/home/mohitmouryaa/github/salon-booking-backend/node_modules/router/index.js:342:13)\n' +
    '    at /home/mohitmouryaa/github/salon-booking-backend/node_modules/router/index.js:297:9\n' +
    '    at processParams (/home/mohitmouryaa/github/salon-booking-backend/node_modules/router/index.js:582:12)\n' +
    '    at next (/home/mohitmouryaa/github/salon-booking-backend/node_modules/router/index.js:291:5)\n' +
    '    at Function.handle (/home/mohitmouryaa/github/salon-booking-backend/node_modules/router/index.js:186:3)\n' +
    '    at router (/home/mohitmouryaa/github/salon-booking-backend/node_modules/router/index.js:60:12)\n' +
    '    at Layer.handleRequest (/home/mohitmouryaa/github/salon-booking-backend/node_modules/router/lib/layer.js:152:17)\n' +
    '    at trimPrefix (/home/mohitmouryaa/github/salon-booking-backend/node_modules/router/index.js:342:13)',
  url: '/api/v1/categories/',
  method: 'POST',
  ip: '::1',
  level: 'error',
  timestamp: '2025-08-13T07:15:26.699Z'
}
